\BOOKMARK [0][]{Doc-Start}{\376\377\000S\000U\000M\000M\000A\000R\000Y}{}% 1
\BOOKMARK [0][]{Doc-Start}{\376\377\000A\000C\000K\000N\000O\000W\000L\000E\000D\000G\000M\000E\000N\000T}{}% 2
\BOOKMARK [0][]{section*.1}{\376\377\000T\000A\000B\000L\000E\000\040\000O\000F\000\040\000C\000O\000N\000T\000E\000N\000T\000S}{}% 3
\BOOKMARK [0][]{chapter*.3}{\376\377\000L\000I\000S\000T\000\040\000O\000F\000\040\000T\000A\000B\000L\000E\000S}{}% 4
\BOOKMARK [0][]{chapter*.4}{\376\377\000L\000I\000S\000T\000\040\000O\000F\000\040\000F\000I\000G\000U\000R\000E\000S}{}% 5
\BOOKMARK [0][]{section*.5}{\376\377\000N\000O\000M\000E\000N\000C\000L\000A\000T\000U\000R\000E}{}% 6
\BOOKMARK [0][]{section*.6}{\376\377\000A\000B\000B\000R\000E\000V\000I\000A\000T\000I\000O\000N\000S}{}% 7
\BOOKMARK [0][]{chapter.1}{\376\377\0001\000\040\000I\000N\000T\000R\000O\000D\000U\000C\000T\000I\000O\000N}{}% 8
\BOOKMARK [1][]{section.1.1}{\376\377\0001\000.\0001\000\040\000P\000r\000o\000j\000e\000c\000t\000\040\000i\000d\000e\000a}{chapter.1}% 9
\BOOKMARK [2][]{subsection.1.1.1}{\376\377\0001\000.\0001\000.\0001\000\040\000M\000a\000i\000n\000\040\000D\000e\000s\000c\000r\000i\000p\000t\000i\000o\000n\000:}{section.1.1}% 10
\BOOKMARK [2][]{subsection.1.1.2}{\376\377\0001\000.\0001\000.\0002\000\040\000P\000r\000o\000j\000e\000c\000t\000\040\000r\000e\000q\000u\000i\000r\000e\000m\000e\000n\000t\000s\000:}{section.1.1}% 11
\BOOKMARK [1][]{section.1.2}{\376\377\0001\000.\0002\000\040\000M\000e\000t\000h\000o\000d\000o\000l\000o\000g\000y}{chapter.1}% 12
\BOOKMARK [1][]{section.1.3}{\376\377\0001\000.\0003\000\040\000P\000r\000o\000j\000e\000c\000t\000\040\000o\000b\000j\000e\000c\000t\000i\000v\000e\000s}{chapter.1}% 13
\BOOKMARK [2][]{subsection.1.3.1}{\376\377\0001\000.\0003\000.\0001\000\040\000H\000A\000R\000D\000W\000A\000R\000E\000\040\000\046\000\040\000N\000E\000T\000W\000O\000R\000K\000\040\000P\000L\000A\000T\000F\000O\000R\000M\000S\000:}{section.1.3}% 14
\BOOKMARK [2][]{subsection.1.3.2}{\376\377\0001\000.\0003\000.\0002\000\040\000\040\000P\000r\000o\000g\000r\000a\000m\000m\000i\000n\000g\000\040\000L\000a\000n\000g\000u\000a\000g\000e\000s\000:}{section.1.3}% 15
\BOOKMARK [2][]{subsection.1.3.3}{\376\377\0001\000.\0003\000.\0003\000\040\000K\000E\000Y\000\040\000P\000R\000O\000J\000E\000C\000T\000\040\000B\000E\000N\000E\000F\000I\000T\000S\000:}{section.1.3}% 16
\BOOKMARK [0][]{chapter.2}{\376\377\0002\000\040\000R\000a\000d\000a\000r}{}% 17
\BOOKMARK [1][]{section.2.1}{\376\377\0002\000.\0001\000\040\000S\000D}{chapter.2}% 18
\BOOKMARK [1][]{section.2.2}{\376\377\0002\000.\0002\000\040\000S\000Y\000D}{chapter.2}% 19
\BOOKMARK [1][]{section.2.3}{\376\377\0002\000.\0003\000\040\000M\000S}{chapter.2}% 20
\BOOKMARK [1][]{section.2.4}{\376\377\0002\000.\0004\000\040\000A\000B\000C}{chapter.2}% 21
\BOOKMARK [2][]{subsection.2.4.1}{\376\377\0002\000.\0004\000.\0001\000\040\000S\000U\000B\0001\000-\000A\000B\000C}{section.2.4}% 22
\BOOKMARK [2][]{subsection.2.4.2}{\376\377\0002\000.\0004\000.\0002\000\040\000S\000U\000B\0002\000-\000A\000B\000C}{section.2.4}% 23
\BOOKMARK [0][]{chapter.3}{\376\377\0003\000\040\000S\000Y\000S\000T\000E\000M\000\040\000D\000Y\000N\000A\000M\000I\000C\000\040\000M\000O\000D\000E\000L}{}% 24
\BOOKMARK [1][]{section.3.1}{\376\377\0003\000.\0001\000\040\000B}{chapter.3}% 25
\BOOKMARK [1][]{section.3.2}{\376\377\0003\000.\0002\000\040\000A\000M\000B\000M}{chapter.3}% 26
\BOOKMARK [2][]{subsection.3.2.1}{\376\377\0003\000.\0002\000.\0001\000\040\000\040\000M\000o\000d\000e\000l\000.}{section.3.2}% 27
\BOOKMARK [1][]{section.3.3}{\376\377\0003\000.\0003\000\040\000M\000P\000A}{chapter.3}% 28
\BOOKMARK [0][]{chapter.4}{\376\377\0004\000\040\000C\000O\000N\000T\000R\000O\000L\000L\000E\000R\000\040\000D\000E\000S\000I\000G\000N}{}% 29
\BOOKMARK [1][]{section.4.1}{\376\377\0004\000.\0001\000\040\000A\000n\000g\000l\000e}{chapter.4}% 30
\BOOKMARK [1][]{section.4.2}{\376\377\0004\000.\0002\000\040\000C\000o\000n\000t\000r\000o\000l}{chapter.4}% 31
\BOOKMARK [0][]{chapter.5}{\376\377\0005\000\040\000R\000e\000s\000u\000l\000t\000s\000\040\000a\000n\000d\000\040\000D\000i\000s\000c\000u\000s\000s\000i\000o\000n}{}% 32
\BOOKMARK [0][]{chapter.6}{\376\377\0006\000\040\000C\000O\000N\000C\000L\000U\000S\000I\000O\000N\000S}{}% 33
\BOOKMARK [1][]{section.6.1}{\376\377\0006\000.\0001\000\040\000C\000o\000n\000c\000l\000u\000s\000i\000o\000n\000s}{chapter.6}% 34
\BOOKMARK [1][]{section.6.2}{\376\377\0006\000.\0002\000\040\000\040\000F\000u\000t\000u\000r\000e\000\040\000w\000o\000r\000k\000:}{chapter.6}% 35
\BOOKMARK [2][]{subsection.6.2.1}{\376\377\0006\000.\0002\000.\0001\000\040\000P\000r\000o\000f\000e\000s\000s\000i\000o\000n\000a\000l\000\040\000c\000a\000m\000e\000r\000a\000s\000:}{section.6.2}% 36
\BOOKMARK [2][]{subsection.6.2.2}{\376\377\0006\000.\0002\000.\0002\000\040\000\040\000I\000d\000e\000n\000t\000i\000f\000i\000c\000a\000t\000i\000o\000n\000\040\000o\000f\000\040\000s\000e\000g\000m\000e\000n\000t\000e\000d\000\040\000c\000h\000a\000r\000a\000c\000t\000e\000r\000:}{section.6.2}% 37
\BOOKMARK [2][]{subsection.6.2.3}{\376\377\0006\000.\0002\000.\0003\000\040\000C\000r\000e\000a\000t\000i\000n\000g\000\040\000a\000\040\000d\000a\000t\000a\000b\000a\000s\000e\000\040\000o\000f\000\040\000t\000h\000e\000\040\000s\000y\000s\000t\000e\000m\000:}{section.6.2}% 38
\BOOKMARK [2][]{subsection.6.2.4}{\376\377\0006\000.\0002\000.\0004\000\040\000S\000e\000n\000d\000i\000n\000g\000\040\000S\000M\000S}{section.6.2}% 39
\BOOKMARK [2][]{subsection.6.2.5}{\376\377\0006\000.\0002\000.\0005\000\040\000M\000o\000v\000i\000n\000g\000\040\000a\000n\000d\000\040\000n\000o\000n\000\040\000m\000o\000v\000i\000n\000g\000\040\000c\000a\000r\000s}{section.6.2}% 40
\BOOKMARK [0][]{chapter*.15}{\376\377\000R\000E\000F\000E\000R\000E\000N\000C\000E\000S}{}% 41
\BOOKMARK [0][]{appendix.A}{\376\377\000A\000\040\000B\000r\000u\000s\000h\000l\000e\000s\000s\000\040\000D\000C\000\040\000M\000o\000t\000o\000r}{}% 42
